New log file opened at Thu Jan 14 20:01:19 AEDT 2016 by 58615@ITs-MacBook-Pro.local
Taking next connection to: 59531
New client attempting to connect on port: 59532-59531
  Address = /192.168.2.3:59531
This client on port 59532 has uuid f63d8f2a-0c87-40ee-92a5-2be815b30fc4 configName activator humanReadableName Activator protocolVersion 3 featureTags Vector()
Connected Clients: activator-f63d8f2a-0c87-40ee-92a5-2be815b30fc4
Taking next connection to: 59531
Checking to see if clients are empty...
We have 1 non-daemon clients, continuing serving connections.
Taking next connection to: 59531
Checking to see if clients are empty...
We have 1 non-daemon clients, continuing serving connections.
Taking next connection to: 59531
Checking to see if clients are empty...
We have 1 non-daemon clients, continuing serving connections.
Taking next connection to: 59531
Checking to see if clients are empty...
We have 1 non-daemon clients, continuing serving connections.
Taking next connection to: 59531
Checking to see if clients are empty...
We have 1 non-daemon clients, continuing serving connections.
Taking next connection to: 59531
